  BitMap.cpp
c:\users\filip\desktop\fax\poop1\photo_editor\photo_editor\basicoperation.h(25): warning C4244: 'argument': conversion from 'double' to 'uint8_t', possible loss of data
c:\users\filip\desktop\fax\poop1\photo_editor\photo_editor\basicoperation.h(28): warning C4244: 'argument': conversion from 'double' to 'uint8_t', possible loss of data
  Image.cpp
c:\users\filip\desktop\fax\poop1\photo_editor\photo_editor\basicoperation.h(25): warning C4244: 'argument': conversion from 'double' to 'uint8_t', possible loss of data
c:\users\filip\desktop\fax\poop1\photo_editor\photo_editor\basicoperation.h(28): warning C4244: 'argument': conversion from 'double' to 'uint8_t', possible loss of data
c:\users\filip\desktop\fax\poop1\photo_editor\photo_editor\image.cpp(144): warning C4267: 'initializing': conversion from 'size_t' to 'int', possible loss of data
c:\users\filip\desktop\fax\poop1\photo_editor\photo_editor\image.cpp(153): warning C4267: 'initializing': conversion from 'size_t' to 'int', possible loss of data
c:\users\filip\desktop\fax\poop1\photo_editor\photo_editor\image.cpp(178): warning C4244: 'initializing': conversion from 'double' to 'int', possible loss of data
c:\users\filip\desktop\fax\poop1\photo_editor\photo_editor\image.cpp(179): warning C4244: 'initializing': conversion from 'double' to 'int', possible loss of data
c:\users\filip\desktop\fax\poop1\photo_editor\photo_editor\image.cpp(180): warning C4244: 'initializing': conversion from 'double' to 'int', possible loss of data
c:\users\filip\desktop\fax\poop1\photo_editor\photo_editor\image.cpp(201): warning C4267: '=': conversion from 'size_t' to 'int', possible loss of data
c:\users\filip\desktop\fax\poop1\photo_editor\photo_editor\image.cpp(202): warning C4267: '=': conversion from 'size_t' to 'int', possible loss of data
c:\users\filip\desktop\fax\poop1\photo_editor\photo_editor\image.cpp(206): warning C4267: '=': conversion from 'size_t' to 'int', possible loss of data
c:\users\filip\desktop\fax\poop1\photo_editor\photo_editor\image.cpp(208): warning C4267: '=': conversion from 'size_t' to 'int', possible loss of data
c:\users\filip\desktop\fax\poop1\photo_editor\photo_editor\image.cpp(227): warning C4267: '=': conversion from 'size_t' to 'int', possible loss of data
c:\users\filip\desktop\fax\poop1\photo_editor\photo_editor\image.cpp(233): warning C4267: '=': conversion from 'size_t' to 'int', possible loss of data
  Layer.cpp
c:\users\filip\desktop\fax\poop1\photo_editor\photo_editor\basicoperation.h(25): warning C4244: 'argument': conversion from 'double' to 'uint8_t', possible loss of data
c:\users\filip\desktop\fax\poop1\photo_editor\photo_editor\basicoperation.h(28): warning C4244: 'argument': conversion from 'double' to 'uint8_t', possible loss of data
c:\users\filip\desktop\fax\poop1\photo_editor\photo_editor\layer.cpp(6): warning C4267: '=': conversion from 'size_t' to 'int', possible loss of data
c:\users\filip\desktop\fax\poop1\photo_editor\photo_editor\layer.cpp(7): warning C4267: '=': conversion from 'size_t' to 'int', possible loss of data
c:\users\filip\desktop\fax\poop1\photo_editor\photo_editor\layer.cpp(29): warning C4267: '=': conversion from 'size_t' to 'int', possible loss of data
c:\users\filip\desktop\fax\poop1\photo_editor\photo_editor\layer.cpp(30): warning C4267: '=': conversion from 'size_t' to 'int', possible loss of data
c:\users\filip\desktop\fax\poop1\photo_editor\photo_editor\layer.cpp(52): warning C4267: '=': conversion from 'size_t' to 'int', possible loss of data
c:\users\filip\desktop\fax\poop1\photo_editor\photo_editor\layer.cpp(53): warning C4267: '=': conversion from 'size_t' to 'int', possible loss of data
c:\users\filip\desktop\fax\poop1\photo_editor\photo_editor\layer.cpp(74): warning C4267: '=': conversion from 'size_t' to 'int', possible loss of data
c:\users\filip\desktop\fax\poop1\photo_editor\photo_editor\layer.cpp(75): warning C4267: '=': conversion from 'size_t' to 'int', possible loss of data
c:\users\filip\desktop\fax\poop1\photo_editor\photo_editor\layer.cpp(98): warning C4267: '=': conversion from 'size_t' to 'int', possible loss of data
c:\users\filip\desktop\fax\poop1\photo_editor\photo_editor\layer.cpp(99): warning C4267: '=': conversion from 'size_t' to 'int', possible loss of data
  main.cpp
c:\users\filip\desktop\fax\poop1\photo_editor\photo_editor\basicoperation.h(25): warning C4244: 'argument': conversion from 'double' to 'uint8_t', possible loss of data
c:\users\filip\desktop\fax\poop1\photo_editor\photo_editor\basicoperation.h(28): warning C4244: 'argument': conversion from 'double' to 'uint8_t', possible loss of data
  PAM.cpp
c:\users\filip\desktop\fax\poop1\photo_editor\photo_editor\basicoperation.h(25): warning C4244: 'argument': conversion from 'double' to 'uint8_t', possible loss of data
c:\users\filip\desktop\fax\poop1\photo_editor\photo_editor\basicoperation.h(28): warning C4244: 'argument': conversion from 'double' to 'uint8_t', possible loss of data
c:\users\filip\desktop\fax\poop1\photo_editor\photo_editor\pam.cpp(48): warning C4267: 'initializing': conversion from 'size_t' to 'int', possible loss of data
c:\users\filip\desktop\fax\poop1\photo_editor\photo_editor\pam.cpp(64): warning C4267: 'initializing': conversion from 'size_t' to 'int', possible loss of data
c:\users\filip\desktop\fax\poop1\photo_editor\photo_editor\pam.cpp(93): warning C4267: 'initializing': conversion from 'size_t' to 'int', possible loss of data
  tinyxml2.cpp
  XML.cpp
c:\users\filip\desktop\fax\poop1\photo_editor\photo_editor\basicoperation.h(25): warning C4244: 'argument': conversion from 'double' to 'uint8_t', possible loss of data
c:\users\filip\desktop\fax\poop1\photo_editor\photo_editor\basicoperation.h(28): warning C4244: 'argument': conversion from 'double' to 'uint8_t', possible loss of data
  Generating Code...
  Photo_Editor.vcxproj -> C:\Users\Filip\Desktop\Fax\poop1\Photo_Editor\x64\Debug\Photo_Editor.exe
